# Logfile created on 2014-05-01 16:20:40 -0500 by logger.rb/44203
I, [2014-05-01T16:20:40.731038 #19842]  INFO -- : 3:  json (1.8.1) from /opt/boxen/rbenv/versions/2.1.0/lib/ruby/gems/2.1.0/specifications/default/json-1.8.1.gemspec
I, [2014-05-01T16:20:40.731202 #19840]  INFO -- : 1:  i18n (0.6.9) from /opt/boxen/rbenv/versions/2.1.0/lib/ruby/gems/2.1.0/specifications/i18n-0.6.9.gemspec
I, [2014-05-01T16:20:40.734428 #19840]  INFO -- : 1:  thread_safe (0.3.3) from /opt/boxen/rbenv/versions/2.1.0/lib/ruby/gems/2.1.0/specifications/thread_safe-0.3.3.gemspec
I, [2014-05-01T16:20:40.739705 #19840]  INFO -- : 1:  erubis (2.7.0) from /opt/boxen/rbenv/versions/2.1.0/lib/ruby/gems/2.1.0/specifications/erubis-2.7.0.gemspec
I, [2014-05-01T16:20:40.741797 #19840]  INFO -- : 1:  rack (1.5.2) from /opt/boxen/rbenv/versions/2.1.0/lib/ruby/gems/2.1.0/specifications/rack-1.5.2.gemspec
I, [2014-05-01T16:20:40.742853 #19840]  INFO -- : 1:  mime-types (1.25.1) from /opt/boxen/rbenv/versions/2.1.0/lib/ruby/gems/2.1.0/specifications/mime-types-1.25.1.gemspec
I, [2014-05-01T16:20:40.744000 #19840]  INFO -- : 1:  polyglot (0.3.4) from /opt/boxen/rbenv/versions/2.1.0/lib/ruby/gems/2.1.0/specifications/polyglot-0.3.4.gemspec
I, [2014-05-01T16:20:45.885563 #19842]  INFO -- : 3:  builder (3.2.2) from /opt/boxen/rbenv/versions/2.1.0/lib/ruby/gems/2.1.0/specifications/builder-3.2.2.gemspec
I, [2014-05-01T16:20:45.886404 #19842]  INFO -- : 3:  bundler (1.5.1) from /opt/boxen/rbenv/versions/2.1.0/lib/ruby/gems/2.1.0/specifications/bundler-1.5.1.gemspec
I, [2014-05-01T16:20:45.886940 #19842]  INFO -- : 3:  hike (1.2.3) from /opt/boxen/rbenv/versions/2.1.0/lib/ruby/gems/2.1.0/specifications/hike-1.2.3.gemspec
I, [2014-05-01T16:20:45.887446 #19842]  INFO -- : 3:  thor (0.19.1) from /opt/boxen/rbenv/versions/2.1.0/lib/ruby/gems/2.1.0/specifications/thor-0.19.1.gemspec
I, [2014-05-01T16:20:47.045532 #19839]  INFO -- : 0:  minitest (5.3.3) from /opt/boxen/rbenv/versions/2.1.0/lib/ruby/gems/2.1.0/specifications/minitest-5.3.3.gemspec
I, [2014-05-01T16:20:47.046419 #19839]  INFO -- : 0:  tilt (1.4.1) from /opt/boxen/rbenv/versions/2.1.0/lib/ruby/gems/2.1.0/specifications/tilt-1.4.1.gemspec
I, [2014-05-01T16:20:47.713180 #19841]  INFO -- : 2:  rake (10.3.1) from /opt/boxen/rbenv/versions/2.1.0/lib/ruby/gems/2.1.0/specifications/rake-10.3.1.gemspec
I, [2014-05-01T16:20:47.714208 #19841]  INFO -- : 2:  rack-test (0.6.2) from /opt/boxen/rbenv/versions/2.1.0/lib/ruby/gems/2.1.0/specifications/rack-test-0.6.2.gemspec
I, [2014-05-01T16:20:47.714850 #19841]  INFO -- : 2:  treetop (1.4.15) from /opt/boxen/rbenv/versions/2.1.0/lib/ruby/gems/2.1.0/specifications/treetop-1.4.15.gemspec
I, [2014-05-01T16:20:47.715553 #19841]  INFO -- : 2:  mail (2.5.4) from /opt/boxen/rbenv/versions/2.1.0/lib/ruby/gems/2.1.0/specifications/mail-2.5.4.gemspec
I, [2014-05-01T16:20:48.218382 #19840]  INFO -- : 1:  arel (5.0.1.20140414130214) from /opt/boxen/rbenv/versions/2.1.0/lib/ruby/gems/2.1.0/specifications/arel-5.0.1.20140414130214.gemspec
I, [2014-05-01T16:20:51.588163 #19842]  INFO -- : 3:  multi_json (1.9.3) from /opt/boxen/rbenv/versions/2.1.0/lib/ruby/gems/2.1.0/specifications/multi_json-1.9.3.gemspec
I, [2014-05-01T16:20:54.152600 #19839]  INFO -- : 0:  tzinfo (1.1.0) from /opt/boxen/rbenv/versions/2.1.0/lib/ruby/gems/2.1.0/specifications/tzinfo-1.1.0.gemspec
I, [2014-05-01T16:20:57.887022 #19841]  INFO -- : 2:  sprockets (2.12.1) from /opt/boxen/rbenv/versions/2.1.0/lib/ruby/gems/2.1.0/specifications/sprockets-2.12.1.gemspec
I, [2014-05-01T16:21:17.960476 #19840]  INFO -- : 1:  activesupport (4.1.0) from /opt/boxen/rbenv/versions/2.1.0/lib/ruby/gems/2.1.0/specifications/activesupport-4.1.0.gemspec
I, [2014-05-01T16:21:22.353307 #19839]  INFO -- : 0:  activemodel (4.1.0) from /opt/boxen/rbenv/versions/2.1.0/lib/ruby/gems/2.1.0/specifications/activemodel-4.1.0.gemspec
I, [2014-05-01T16:21:22.662673 #19842]  INFO -- : 3:  actionview (4.1.0) from /opt/boxen/rbenv/versions/2.1.0/lib/ruby/gems/2.1.0/specifications/actionview-4.1.0.gemspec
I, [2014-05-01T16:21:25.844296 #19841]  INFO -- : 2:  activerecord (4.1.0) from /opt/boxen/rbenv/versions/2.1.0/lib/ruby/gems/2.1.0/specifications/activerecord-4.1.0.gemspec
I, [2014-05-01T16:21:26.832183 #19840]  INFO -- : 1:  actionpack (4.1.0) from /opt/boxen/rbenv/versions/2.1.0/lib/ruby/gems/2.1.0/specifications/actionpack-4.1.0.gemspec
I, [2014-05-01T16:21:28.285220 #19839]  INFO -- : 0:  sprockets-rails (2.1.3) from /opt/boxen/rbenv/versions/2.1.0/lib/ruby/gems/2.1.0/specifications/sprockets-rails-2.1.3.gemspec
I, [2014-05-01T16:21:28.573099 #19842]  INFO -- : 3:  actionmailer (4.1.0) from /opt/boxen/rbenv/versions/2.1.0/lib/ruby/gems/2.1.0/specifications/actionmailer-4.1.0.gemspec
I, [2014-05-01T16:21:29.056380 #19841]  INFO -- : 2:  railties (4.1.0) from /opt/boxen/rbenv/versions/2.1.0/lib/ruby/gems/2.1.0/specifications/railties-4.1.0.gemspec
I, [2014-05-01T16:21:53.008890 #19840]  INFO -- : 1:  rails (4.1.0) from /opt/boxen/rbenv/versions/2.1.0/lib/ruby/gems/2.1.0/specifications/rails-4.1.0.gemspec
I, [2014-05-01T16:21:53.025053 #19839]  INFO -- : 0:  legacy_migration (0.0.1) from /Users/juliogarcia/dev/projects/ruby/legacy_migration/legacy_migration.gemspec
I, [2014-05-01T16:45:32.201838 #22235]  INFO -- : 2:  rake (10.3.1) from /opt/boxen/rbenv/versions/2.1.0/lib/ruby/gems/2.1.0/specifications/rake-10.3.1.gemspec
I, [2014-05-01T16:45:32.201886 #22234]  INFO -- : 1:  i18n (0.6.9) from /opt/boxen/rbenv/versions/2.1.0/lib/ruby/gems/2.1.0/specifications/i18n-0.6.9.gemspec
I, [2014-05-01T16:45:32.203727 #22234]  INFO -- : 1:  thread_safe (0.3.3) from /opt/boxen/rbenv/versions/2.1.0/lib/ruby/gems/2.1.0/specifications/thread_safe-0.3.3.gemspec
I, [2014-05-01T16:45:32.204152 #22235]  INFO -- : 2:  builder (3.2.2) from /opt/boxen/rbenv/versions/2.1.0/lib/ruby/gems/2.1.0/specifications/builder-3.2.2.gemspec
I, [2014-05-01T16:45:32.204890 #22234]  INFO -- : 1:  erubis (2.7.0) from /opt/boxen/rbenv/versions/2.1.0/lib/ruby/gems/2.1.0/specifications/erubis-2.7.0.gemspec
I, [2014-05-01T16:45:32.205119 #22236]  INFO -- : 3:  json (1.8.1) from /opt/boxen/rbenv/versions/2.1.0/lib/ruby/gems/2.1.0/specifications/default/json-1.8.1.gemspec
I, [2014-05-01T16:45:32.205361 #22235]  INFO -- : 2:  rack (1.5.2) from /opt/boxen/rbenv/versions/2.1.0/lib/ruby/gems/2.1.0/specifications/rack-1.5.2.gemspec
I, [2014-05-01T16:45:32.206460 #22234]  INFO -- : 1:  mime-types (1.25.1) from /opt/boxen/rbenv/versions/2.1.0/lib/ruby/gems/2.1.0/specifications/mime-types-1.25.1.gemspec
I, [2014-05-01T16:45:32.206860 #22235]  INFO -- : 2:  polyglot (0.3.4) from /opt/boxen/rbenv/versions/2.1.0/lib/ruby/gems/2.1.0/specifications/polyglot-0.3.4.gemspec
I, [2014-05-01T16:45:32.206896 #22233]  INFO -- : 0:  minitest (5.3.3) from /opt/boxen/rbenv/versions/2.1.0/lib/ruby/gems/2.1.0/specifications/minitest-5.3.3.gemspec
I, [2014-05-01T16:45:32.207988 #22234]  INFO -- : 1:  bundler (1.5.1) from /opt/boxen/rbenv/versions/2.1.0/lib/ruby/gems/2.1.0/specifications/bundler-1.5.1.gemspec
I, [2014-05-01T16:45:32.207979 #22236]  INFO -- : 3:  arel (5.0.1.20140414130214) from /opt/boxen/rbenv/versions/2.1.0/lib/ruby/gems/2.1.0/specifications/arel-5.0.1.20140414130214.gemspec
I, [2014-05-01T16:45:32.208704 #22235]  INFO -- : 2:  hike (1.2.3) from /opt/boxen/rbenv/versions/2.1.0/lib/ruby/gems/2.1.0/specifications/hike-1.2.3.gemspec
I, [2014-05-01T16:45:32.208970 #22233]  INFO -- : 0:  thor (0.19.1) from /opt/boxen/rbenv/versions/2.1.0/lib/ruby/gems/2.1.0/specifications/thor-0.19.1.gemspec
I, [2014-05-01T16:45:32.209621 #22234]  INFO -- : 1:  multi_json (1.9.3) from /opt/boxen/rbenv/versions/2.1.0/lib/ruby/gems/2.1.0/specifications/multi_json-1.9.3.gemspec
I, [2014-05-01T16:45:32.209669 #22236]  INFO -- : 3:  tilt (1.4.1) from /opt/boxen/rbenv/versions/2.1.0/lib/ruby/gems/2.1.0/specifications/tilt-1.4.1.gemspec
I, [2014-05-01T16:45:32.210278 #22235]  INFO -- : 2:  tzinfo (1.1.0) from /opt/boxen/rbenv/versions/2.1.0/lib/ruby/gems/2.1.0/specifications/tzinfo-1.1.0.gemspec
I, [2014-05-01T16:45:32.210621 #22233]  INFO -- : 0:  rack-test (0.6.2) from /opt/boxen/rbenv/versions/2.1.0/lib/ruby/gems/2.1.0/specifications/rack-test-0.6.2.gemspec
I, [2014-05-01T16:45:32.211093 #22234]  INFO -- : 1:  treetop (1.4.15) from /opt/boxen/rbenv/versions/2.1.0/lib/ruby/gems/2.1.0/specifications/treetop-1.4.15.gemspec
I, [2014-05-01T16:45:32.211370 #22236]  INFO -- : 3:  sprockets (2.12.1) from /opt/boxen/rbenv/versions/2.1.0/lib/ruby/gems/2.1.0/specifications/sprockets-2.12.1.gemspec
I, [2014-05-01T16:45:32.211997 #22233]  INFO -- : 0:  activesupport (4.1.0) from /opt/boxen/rbenv/versions/2.1.0/lib/ruby/gems/2.1.0/specifications/activesupport-4.1.0.gemspec
I, [2014-05-01T16:45:32.212419 #22235]  INFO -- : 2:  mail (2.5.4) from /opt/boxen/rbenv/versions/2.1.0/lib/ruby/gems/2.1.0/specifications/mail-2.5.4.gemspec
I, [2014-05-01T16:45:32.212956 #22234]  INFO -- : 1:  actionview (4.1.0) from /opt/boxen/rbenv/versions/2.1.0/lib/ruby/gems/2.1.0/specifications/actionview-4.1.0.gemspec
I, [2014-05-01T16:45:32.213093 #22236]  INFO -- : 3:  activemodel (4.1.0) from /opt/boxen/rbenv/versions/2.1.0/lib/ruby/gems/2.1.0/specifications/activemodel-4.1.0.gemspec
I, [2014-05-01T16:45:32.214307 #22235]  INFO -- : 2:  activerecord (4.1.0) from /opt/boxen/rbenv/versions/2.1.0/lib/ruby/gems/2.1.0/specifications/activerecord-4.1.0.gemspec
I, [2014-05-01T16:45:32.214287 #22233]  INFO -- : 0:  actionpack (4.1.0) from /opt/boxen/rbenv/versions/2.1.0/lib/ruby/gems/2.1.0/specifications/actionpack-4.1.0.gemspec
I, [2014-05-01T16:45:32.215312 #22235]  INFO -- : 2:  actionmailer (4.1.0) from /opt/boxen/rbenv/versions/2.1.0/lib/ruby/gems/2.1.0/specifications/actionmailer-4.1.0.gemspec
I, [2014-05-01T16:45:32.215460 #22234]  INFO -- : 1:  sprockets-rails (2.1.3) from /opt/boxen/rbenv/versions/2.1.0/lib/ruby/gems/2.1.0/specifications/sprockets-rails-2.1.3.gemspec
I, [2014-05-01T16:45:32.215495 #22236]  INFO -- : 3:  railties (4.1.0) from /opt/boxen/rbenv/versions/2.1.0/lib/ruby/gems/2.1.0/specifications/railties-4.1.0.gemspec
I, [2014-05-01T16:45:32.216498 #22233]  INFO -- : 0:  rails (4.1.0) from /opt/boxen/rbenv/versions/2.1.0/lib/ruby/gems/2.1.0/specifications/rails-4.1.0.gemspec
I, [2014-05-01T16:45:32.272952 #22235]  INFO -- : 2:  legacy_migration (0.0.1.2) from /Users/juliogarcia/dev/projects/ruby/legacy_migration/legacy_migration.gemspec
I, [2014-05-01T16:45:46.470165 #22387]  INFO -- : 2:  rake (10.3.1) from /opt/boxen/rbenv/versions/2.1.0/lib/ruby/gems/2.1.0/specifications/rake-10.3.1.gemspec
I, [2014-05-01T16:45:46.470254 #22386]  INFO -- : 1:  i18n (0.6.9) from /opt/boxen/rbenv/versions/2.1.0/lib/ruby/gems/2.1.0/specifications/i18n-0.6.9.gemspec
I, [2014-05-01T16:45:46.471721 #22388]  INFO -- : 3:  json (1.8.1) from /opt/boxen/rbenv/versions/2.1.0/lib/ruby/gems/2.1.0/specifications/default/json-1.8.1.gemspec
I, [2014-05-01T16:45:46.472668 #22386]  INFO -- : 1:  thread_safe (0.3.3) from /opt/boxen/rbenv/versions/2.1.0/lib/ruby/gems/2.1.0/specifications/thread_safe-0.3.3.gemspec
I, [2014-05-01T16:45:46.472995 #22385]  INFO -- : 0:  minitest (5.3.3) from /opt/boxen/rbenv/versions/2.1.0/lib/ruby/gems/2.1.0/specifications/minitest-5.3.3.gemspec
I, [2014-05-01T16:45:46.473401 #22387]  INFO -- : 2:  builder (3.2.2) from /opt/boxen/rbenv/versions/2.1.0/lib/ruby/gems/2.1.0/specifications/builder-3.2.2.gemspec
I, [2014-05-01T16:45:46.474364 #22386]  INFO -- : 1:  rack (1.5.2) from /opt/boxen/rbenv/versions/2.1.0/lib/ruby/gems/2.1.0/specifications/rack-1.5.2.gemspec
I, [2014-05-01T16:45:46.474371 #22388]  INFO -- : 3:  erubis (2.7.0) from /opt/boxen/rbenv/versions/2.1.0/lib/ruby/gems/2.1.0/specifications/erubis-2.7.0.gemspec
I, [2014-05-01T16:45:46.474880 #22387]  INFO -- : 2:  mime-types (1.25.1) from /opt/boxen/rbenv/versions/2.1.0/lib/ruby/gems/2.1.0/specifications/mime-types-1.25.1.gemspec
I, [2014-05-01T16:45:46.475301 #22385]  INFO -- : 0:  polyglot (0.3.4) from /opt/boxen/rbenv/versions/2.1.0/lib/ruby/gems/2.1.0/specifications/polyglot-0.3.4.gemspec
I, [2014-05-01T16:45:46.475576 #22388]  INFO -- : 3:  bundler (1.5.1) from /opt/boxen/rbenv/versions/2.1.0/lib/ruby/gems/2.1.0/specifications/bundler-1.5.1.gemspec
I, [2014-05-01T16:45:46.475776 #22386]  INFO -- : 1:  arel (5.0.1.20140414130214) from /opt/boxen/rbenv/versions/2.1.0/lib/ruby/gems/2.1.0/specifications/arel-5.0.1.20140414130214.gemspec
I, [2014-05-01T16:45:46.476377 #22385]  INFO -- : 0:  thor (0.19.1) from /opt/boxen/rbenv/versions/2.1.0/lib/ruby/gems/2.1.0/specifications/thor-0.19.1.gemspec
I, [2014-05-01T16:45:46.476405 #22387]  INFO -- : 2:  hike (1.2.3) from /opt/boxen/rbenv/versions/2.1.0/lib/ruby/gems/2.1.0/specifications/hike-1.2.3.gemspec
I, [2014-05-01T16:45:46.477298 #22388]  INFO -- : 3:  multi_json (1.9.3) from /opt/boxen/rbenv/versions/2.1.0/lib/ruby/gems/2.1.0/specifications/multi_json-1.9.3.gemspec
I, [2014-05-01T16:45:46.477349 #22386]  INFO -- : 1:  tilt (1.4.1) from /opt/boxen/rbenv/versions/2.1.0/lib/ruby/gems/2.1.0/specifications/tilt-1.4.1.gemspec
I, [2014-05-01T16:45:46.477662 #22387]  INFO -- : 2:  tzinfo (1.1.0) from /opt/boxen/rbenv/versions/2.1.0/lib/ruby/gems/2.1.0/specifications/tzinfo-1.1.0.gemspec
I, [2014-05-01T16:45:46.477851 #22385]  INFO -- : 0:  rack-test (0.6.2) from /opt/boxen/rbenv/versions/2.1.0/lib/ruby/gems/2.1.0/specifications/rack-test-0.6.2.gemspec
I, [2014-05-01T16:45:46.478566 #22388]  INFO -- : 3:  treetop (1.4.15) from /opt/boxen/rbenv/versions/2.1.0/lib/ruby/gems/2.1.0/specifications/treetop-1.4.15.gemspec
I, [2014-05-01T16:45:46.478993 #22387]  INFO -- : 2:  activesupport (4.1.0) from /opt/boxen/rbenv/versions/2.1.0/lib/ruby/gems/2.1.0/specifications/activesupport-4.1.0.gemspec
I, [2014-05-01T16:45:46.479396 #22385]  INFO -- : 0:  sprockets (2.12.1) from /opt/boxen/rbenv/versions/2.1.0/lib/ruby/gems/2.1.0/specifications/sprockets-2.12.1.gemspec
I, [2014-05-01T16:45:46.479496 #22386]  INFO -- : 1:  mail (2.5.4) from /opt/boxen/rbenv/versions/2.1.0/lib/ruby/gems/2.1.0/specifications/mail-2.5.4.gemspec
I, [2014-05-01T16:45:46.480561 #22388]  INFO -- : 3:  actionview (4.1.0) from /opt/boxen/rbenv/versions/2.1.0/lib/ruby/gems/2.1.0/specifications/actionview-4.1.0.gemspec
I, [2014-05-01T16:45:46.480728 #22386]  INFO -- : 1:  activemodel (4.1.0) from /opt/boxen/rbenv/versions/2.1.0/lib/ruby/gems/2.1.0/specifications/activemodel-4.1.0.gemspec
I, [2014-05-01T16:45:46.481940 #22388]  INFO -- : 3:  activerecord (4.1.0) from /opt/boxen/rbenv/versions/2.1.0/lib/ruby/gems/2.1.0/specifications/activerecord-4.1.0.gemspec
I, [2014-05-01T16:45:46.482518 #22385]  INFO -- : 0:  actionpack (4.1.0) from /opt/boxen/rbenv/versions/2.1.0/lib/ruby/gems/2.1.0/specifications/actionpack-4.1.0.gemspec
I, [2014-05-01T16:45:46.484509 #22386]  INFO -- : 1:  actionmailer (4.1.0) from /opt/boxen/rbenv/versions/2.1.0/lib/ruby/gems/2.1.0/specifications/actionmailer-4.1.0.gemspec
I, [2014-05-01T16:45:46.484590 #22387]  INFO -- : 2:  sprockets-rails (2.1.3) from /opt/boxen/rbenv/versions/2.1.0/lib/ruby/gems/2.1.0/specifications/sprockets-rails-2.1.3.gemspec
I, [2014-05-01T16:45:46.484420 #22388]  INFO -- : 3:  railties (4.1.0) from /opt/boxen/rbenv/versions/2.1.0/lib/ruby/gems/2.1.0/specifications/railties-4.1.0.gemspec
I, [2014-05-01T16:45:46.486282 #22385]  INFO -- : 0:  rails (4.1.0) from /opt/boxen/rbenv/versions/2.1.0/lib/ruby/gems/2.1.0/specifications/rails-4.1.0.gemspec
I, [2014-05-01T16:45:46.539504 #22387]  INFO -- : 2:  legacy_migration (0.0.1.2) from /Users/juliogarcia/dev/projects/ruby/legacy_migration/legacy_migration.gemspec
